2021-05-03 21:48:20 [ERROR] [db_helper.py:44] Traceback (most recent call last):
  File "/Users/robust/Desktop/李硕华的东东/中山东东/code/HotelManagement/core/main/utils/db/db_helper.py", line 41, in conndb
    db=self._dbconfig['dbname'], port=self._dbconfig['port'], charset="utf8", autocommit=True)
  File "/Library/Python/3.7/site-packages/pymysql/__init__.py", line 88, in Connect
    return Connection(*args, **kwargs)
  File "/Library/Python/3.7/site-packages/pymysql/connections.py", line 644, in __init__
    self._connect()
  File "/Library/Python/3.7/site-packages/pymysql/connections.py", line 838, in _connect
    self._request_authentication()
  File "/Library/Python/3.7/site-packages/pymysql/connections.py", line 1021, in _request_authentication
    auth_packet = self._read_packet()
  File "/Library/Python/3.7/site-packages/pymysql/connections.py", line 893, in _read_packet
    packet.check_error()
  File "/Library/Python/3.7/site-packages/pymysql/connections.py", line 369, in check_error
    err.raise_mysql_exception(self._data)
  File "/Library/Python/3.7/site-packages/pymysql/err.py", line 120, in raise_mysql_exception
    _check_mysql_exception(errinfo)
  File "/Library/Python/3.7/site-packages/pymysql/err.py", line 112, in _check_mysql_exception
    raise errorclass(errno, errorvalue)
pymysql.err.OperationalError: (1045, "Access denied for user 'lishuohua'@'120.231.98.239' (using password: YES)")

2021-05-03 21:50:09 [ERROR] [db_helper.py:44] Traceback (most recent call last):
  File "/Users/robust/Desktop/李硕华的东东/中山东东/code/HotelManagement/core/main/utils/db/db_helper.py", line 41, in conndb
    db=self._dbconfig['dbname'], port=self._dbconfig['port'], charset="utf8", autocommit=True)
  File "/Library/Python/3.7/site-packages/pymysql/__init__.py", line 88, in Connect
    return Connection(*args, **kwargs)
  File "/Library/Python/3.7/site-packages/pymysql/connections.py", line 644, in __init__
    self._connect()
  File "/Library/Python/3.7/site-packages/pymysql/connections.py", line 838, in _connect
    self._request_authentication()
  File "/Library/Python/3.7/site-packages/pymysql/connections.py", line 1021, in _request_authentication
    auth_packet = self._read_packet()
  File "/Library/Python/3.7/site-packages/pymysql/connections.py", line 893, in _read_packet
    packet.check_error()
  File "/Library/Python/3.7/site-packages/pymysql/connections.py", line 369, in check_error
    err.raise_mysql_exception(self._data)
  File "/Library/Python/3.7/site-packages/pymysql/err.py", line 120, in raise_mysql_exception
    _check_mysql_exception(errinfo)
  File "/Library/Python/3.7/site-packages/pymysql/err.py", line 112, in _check_mysql_exception
    raise errorclass(errno, errorvalue)
pymysql.err.OperationalError: (1045, "Access denied for user 'lishuohua'@'120.231.98.239' (using password: YES)")

2021-05-03 21:52:52 [ERROR] [db_helper.py:44] Traceback (most recent call last):
  File "/Users/robust/Desktop/李硕华的东东/中山东东/code/HotelManagement/core/main/utils/db/db_helper.py", line 41, in conndb
    db=self._dbconfig['dbname'], port=self._dbconfig['port'], charset="utf8", autocommit=True)
  File "/Library/Python/3.7/site-packages/pymysql/__init__.py", line 88, in Connect
    return Connection(*args, **kwargs)
  File "/Library/Python/3.7/site-packages/pymysql/connections.py", line 644, in __init__
    self._connect()
  File "/Library/Python/3.7/site-packages/pymysql/connections.py", line 838, in _connect
    self._request_authentication()
  File "/Library/Python/3.7/site-packages/pymysql/connections.py", line 1021, in _request_authentication
    auth_packet = self._read_packet()
  File "/Library/Python/3.7/site-packages/pymysql/connections.py", line 893, in _read_packet
    packet.check_error()
  File "/Library/Python/3.7/site-packages/pymysql/connections.py", line 369, in check_error
    err.raise_mysql_exception(self._data)
  File "/Library/Python/3.7/site-packages/pymysql/err.py", line 120, in raise_mysql_exception
    _check_mysql_exception(errinfo)
  File "/Library/Python/3.7/site-packages/pymysql/err.py", line 112, in _check_mysql_exception
    raise errorclass(errno, errorvalue)
pymysql.err.OperationalError: (1045, "Access denied for user 'lishuohua'@'120.231.98.239' (using password: YES)")

2021-05-03 21:53:42 [ERROR] [db_helper.py:44] Traceback (most recent call last):
  File "/Users/robust/Desktop/李硕华的东东/中山东东/code/HotelManagement/core/main/utils/db/db_helper.py", line 41, in conndb
    db=self._dbconfig['dbname'], port=self._dbconfig['port'], charset="utf8", autocommit=True)
  File "/Library/Python/3.7/site-packages/pymysql/__init__.py", line 88, in Connect
    return Connection(*args, **kwargs)
  File "/Library/Python/3.7/site-packages/pymysql/connections.py", line 644, in __init__
    self._connect()
  File "/Library/Python/3.7/site-packages/pymysql/connections.py", line 838, in _connect
    self._request_authentication()
  File "/Library/Python/3.7/site-packages/pymysql/connections.py", line 1021, in _request_authentication
    auth_packet = self._read_packet()
  File "/Library/Python/3.7/site-packages/pymysql/connections.py", line 893, in _read_packet
    packet.check_error()
  File "/Library/Python/3.7/site-packages/pymysql/connections.py", line 369, in check_error
    err.raise_mysql_exception(self._data)
  File "/Library/Python/3.7/site-packages/pymysql/err.py", line 120, in raise_mysql_exception
    _check_mysql_exception(errinfo)
  File "/Library/Python/3.7/site-packages/pymysql/err.py", line 112, in _check_mysql_exception
    raise errorclass(errno, errorvalue)
pymysql.err.OperationalError: (1045, "Access denied for user 'lishuohua'@'120.231.98.239' (using password: YES)")

2021-05-03 21:53:55 [ERROR] [db_helper.py:44] Traceback (most recent call last):
  File "/Users/robust/Desktop/李硕华的东东/中山东东/code/HotelManagement/core/main/utils/db/db_helper.py", line 41, in conndb
    db=self._dbconfig['dbname'], port=self._dbconfig['port'], charset="utf8", autocommit=True)
  File "/Library/Python/3.7/site-packages/pymysql/__init__.py", line 88, in Connect
    return Connection(*args, **kwargs)
  File "/Library/Python/3.7/site-packages/pymysql/connections.py", line 644, in __init__
    self._connect()
  File "/Library/Python/3.7/site-packages/pymysql/connections.py", line 838, in _connect
    self._request_authentication()
  File "/Library/Python/3.7/site-packages/pymysql/connections.py", line 1021, in _request_authentication
    auth_packet = self._read_packet()
  File "/Library/Python/3.7/site-packages/pymysql/connections.py", line 893, in _read_packet
    packet.check_error()
  File "/Library/Python/3.7/site-packages/pymysql/connections.py", line 369, in check_error
    err.raise_mysql_exception(self._data)
  File "/Library/Python/3.7/site-packages/pymysql/err.py", line 120, in raise_mysql_exception
    _check_mysql_exception(errinfo)
  File "/Library/Python/3.7/site-packages/pymysql/err.py", line 112, in _check_mysql_exception
    raise errorclass(errno, errorvalue)
pymysql.err.OperationalError: (1045, "Access denied for user 'lishuohua'@'120.231.98.239' (using password: YES)")

2021-05-03 21:56:55 [ERROR] [db_helper.py:44] Traceback (most recent call last):
  File "/Users/robust/Desktop/李硕华的东东/中山东东/code/HotelManagement/core/main/utils/db/db_helper.py", line 41, in conndb
    db=self._dbconfig['dbname'], port=self._dbconfig['port'], charset="utf8", autocommit=True)
  File "/Library/Python/3.7/site-packages/pymysql/__init__.py", line 88, in Connect
    return Connection(*args, **kwargs)
  File "/Library/Python/3.7/site-packages/pymysql/connections.py", line 644, in __init__
    self._connect()
  File "/Library/Python/3.7/site-packages/pymysql/connections.py", line 838, in _connect
    self._request_authentication()
  File "/Library/Python/3.7/site-packages/pymysql/connections.py", line 1007, in _request_authentication
    _scramble(self.password.encode('latin1'), self.salt)
AttributeError: 'int' object has no attribute 'encode'

2021-05-03 22:17:47 [INFO] [exception_income_check.py:29] SQL  : select building,room,w_c,e_c,ref_rent,rent from monthly where year = '2021' and month = '5'
2021-05-04 08:50:47 [INFO] [exception_income_check.py:29] SQL  : select building,room,w_c,e_c,ref_rent,rent from monthly where year = '2021' and month = '5'
2021-05-04 08:51:12 [INFO] [exception_income_check.py:29] SQL  : select building,room,w_c,e_c,ref_rent,rent from monthly where year = '2021' and month = '5'
2021-05-04 08:53:17 [INFO] [exception_income_check.py:29] SQL  : select building,room,w_c,e_c,ref_rent,rent from monthly where year = '2021' and month = '5'
2021-05-04 08:54:56 [INFO] [exception_income_check.py:30] SQL  : select * from monthly limit 1
2021-05-04 09:01:08 [INFO] [exception_income_check.py:30] SQL  : select * from monthly limit 1
2021-05-04 09:01:16 [INFO] [exception_income_check.py:29] SQL  : select building,room,w_c,e_c,ref_rent,rent from monthly where year = '2021' and month = '5'
2021-05-04 09:10:23 [INFO] [exception_income_check.py:43] SQL  : select building,room,w_c,e_c,ref_rent,rent from monthly where year = '2021' and month = '5'
2021-05-04 09:17:22 [INFO] [exception_income_check.py:47] SQL  : select building,room,w_c,e_c,ref_rent,rent from monthly where year = '2021' and month = '5'
2021-05-04 09:17:22 [INFO] [exception_income_check.py:52] SQL  : select building,room,w_c,e_c,ref_rent,rent from monthly where year = '2021' and month = '4'
2021-05-04 09:19:10 [INFO] [exception_income_check.py:50] SQL  : select building,room,w_c,e_c,ref_rent,rent from monthly where year = '2021' and month = '5'
2021-05-04 09:19:10 [INFO] [exception_income_check.py:55] SQL  : select building,room,w_c,e_c,ref_rent,rent from monthly where year = '2021' and month = '4'
2021-05-04 09:19:26 [INFO] [exception_income_check.py:50] SQL  : select building,room,w_c,e_c,ref_rent,rent from monthly where year = '2021' and month = '5'
2021-05-04 09:19:26 [INFO] [exception_income_check.py:55] SQL  : select building,room,w_c,e_c,ref_rent,rent from monthly where year = '2021' and month = '4'
2021-05-04 09:19:26 [INFO] [exception_income_check.py:35] now_value : 0, before_value : 45, gap : 100.0%
2021-05-04 09:21:43 [INFO] [exception_income_check.py:50] SQL  : select building,room,w_c,e_c,ref_rent,rent from monthly where year = '2021' and month = '5'
2021-05-04 09:21:43 [INFO] [exception_income_check.py:55] SQL  : select building,room,w_c,e_c,ref_rent,rent from monthly where year = '2021' and month = '4'
2021-05-04 09:21:43 [INFO] [exception_income_check.py:62] A_101, 320, 365, 0.1233
2021-05-04 09:21:43 [INFO] [exception_income_check.py:62] A_103, 434, 350, 0.24
2021-05-04 09:21:43 [INFO] [exception_income_check.py:62] A_108, 355, 403, 0.1191
2021-05-04 09:21:43 [INFO] [exception_income_check.py:62] A_201, 325, 375, 0.1333
2021-05-04 09:21:43 [INFO] [exception_income_check.py:62] A_204, 402, 495, 0.1879
2021-05-04 09:21:43 [INFO] [exception_income_check.py:62] A_206, 350, 490, 0.2857
2021-05-04 09:21:43 [INFO] [exception_income_check.py:62] A_207, 340, 412, 0.1748
2021-05-04 09:21:43 [INFO] [exception_income_check.py:62] A_301, 387, 437, 0.1144
2021-05-04 09:21:43 [INFO] [exception_income_check.py:62] A_305, 360, 422, 0.1469
2021-05-04 09:21:43 [INFO] [exception_income_check.py:62] A_306, 417, 360, 0.1583
2021-05-04 09:21:43 [INFO] [exception_income_check.py:62] A_403, 766, 650, 0.1785
2021-05-04 09:21:43 [INFO] [exception_income_check.py:62] B_101, 1962, 1771, 0.1078
2021-05-04 09:21:43 [INFO] [exception_income_check.py:62] B_402, 1426, 1213, 0.1756
2021-05-04 09:21:43 [INFO] [exception_income_check.py:62] B_501, 1316, 1100, 0.1964
2021-05-04 09:21:43 [INFO] [exception_income_check.py:62] C_2, 190, 120, 0.5833
2021-05-04 09:21:43 [INFO] [exception_income_check.py:62] C_3, 1249, 1093, 0.1427
2021-05-04 09:21:43 [INFO] [exception_income_check.py:62] D_107, 858, 727, 0.1802
2021-05-04 09:21:43 [INFO] [exception_income_check.py:62] D_307, 878, 730, 0.2027
2021-05-04 09:21:43 [INFO] [exception_income_check.py:62] D_401, 669, 595, 0.1244
2021-05-04 09:21:43 [INFO] [exception_income_check.py:62] D_402, 620, 550, 0.1273
2021-05-04 09:21:43 [INFO] [exception_income_check.py:62] D_403, 635, 575, 0.1043
2021-05-04 09:21:43 [INFO] [exception_income_check.py:62] D_502, 710, 550, 0.2909
2021-05-04 09:21:43 [INFO] [exception_income_check.py:62] D_503, 662, 593, 0.1164
2021-05-04 09:21:43 [INFO] [exception_income_check.py:62] D_506, 660, 597, 0.1055
2021-05-04 09:21:43 [INFO] [exception_income_check.py:62] D_507, 663, 300, 1.21
2021-05-04 09:21:43 [INFO] [exception_income_check.py:62] B_401, 1502, 1343, 0.1184
2021-05-04 09:26:16 [INFO] [exception_income_check.py:59] SQL  : select building,room,w_c,e_c,ref_rent,rent from monthly where year = '2021' and month = '5'
2021-05-04 09:26:16 [INFO] [exception_income_check.py:65] SQL  : select building,room,w_c,e_c,ref_rent,rent from monthly where year = '2021' and month = '4'
2021-05-04 09:26:16 [INFO] [exception_income_check.py:73] room : A_101, now_month : 320, before_month : 365, gap : 12.33%
2021-05-04 09:26:16 [INFO] [exception_income_check.py:73] room : A_103, now_month : 434, before_month : 350, gap : 24.0%
2021-05-04 09:26:16 [INFO] [exception_income_check.py:73] room : A_108, now_month : 355, before_month : 403, gap : 11.91%
2021-05-04 09:26:16 [INFO] [exception_income_check.py:73] room : A_201, now_month : 325, before_month : 375, gap : 13.33%
2021-05-04 09:26:16 [INFO] [exception_income_check.py:73] room : A_204, now_month : 402, before_month : 495, gap : 18.790000000000003%
2021-05-04 09:26:16 [INFO] [exception_income_check.py:73] room : A_206, now_month : 350, before_month : 490, gap : 28.57%
2021-05-04 09:26:16 [INFO] [exception_income_check.py:73] room : A_207, now_month : 340, before_month : 412, gap : 17.48%
2021-05-04 09:26:16 [INFO] [exception_income_check.py:73] room : A_301, now_month : 387, before_month : 437, gap : 11.44%
2021-05-04 09:26:16 [INFO] [exception_income_check.py:73] room : A_305, now_month : 360, before_month : 422, gap : 14.69%
2021-05-04 09:26:16 [INFO] [exception_income_check.py:73] room : A_306, now_month : 417, before_month : 360, gap : 15.83%
2021-05-04 09:26:16 [INFO] [exception_income_check.py:73] room : A_403, now_month : 766, before_month : 650, gap : 17.849999999999998%
2021-05-04 09:26:16 [INFO] [exception_income_check.py:73] room : B_101, now_month : 1962, before_month : 1771, gap : 10.780000000000001%
2021-05-04 09:26:16 [INFO] [exception_income_check.py:73] room : B_402, now_month : 1426, before_month : 1213, gap : 17.560000000000002%
2021-05-04 09:26:16 [INFO] [exception_income_check.py:73] room : B_501, now_month : 1316, before_month : 1100, gap : 19.64%
2021-05-04 09:26:16 [INFO] [exception_income_check.py:73] room : C_2, now_month : 190, before_month : 120, gap : 58.330000000000005%
2021-05-04 09:26:16 [INFO] [exception_income_check.py:73] room : C_3, now_month : 1249, before_month : 1093, gap : 14.27%
2021-05-04 09:26:16 [INFO] [exception_income_check.py:73] room : D_107, now_month : 858, before_month : 727, gap : 18.02%
2021-05-04 09:26:16 [INFO] [exception_income_check.py:73] room : D_307, now_month : 878, before_month : 730, gap : 20.27%
2021-05-04 09:26:16 [INFO] [exception_income_check.py:73] room : D_401, now_month : 669, before_month : 595, gap : 12.44%
2021-05-04 09:26:16 [INFO] [exception_income_check.py:73] room : D_402, now_month : 620, before_month : 550, gap : 12.73%
2021-05-04 09:26:16 [INFO] [exception_income_check.py:73] room : D_403, now_month : 635, before_month : 575, gap : 10.43%
2021-05-04 09:26:16 [INFO] [exception_income_check.py:73] room : D_502, now_month : 710, before_month : 550, gap : 29.09%
2021-05-04 09:26:16 [INFO] [exception_income_check.py:73] room : D_503, now_month : 662, before_month : 593, gap : 11.64%
2021-05-04 09:26:16 [INFO] [exception_income_check.py:73] room : D_506, now_month : 660, before_month : 597, gap : 10.549999999999999%
2021-05-04 09:26:16 [INFO] [exception_income_check.py:73] room : D_507, now_month : 663, before_month : 300, gap : 121.0%
2021-05-04 09:26:16 [INFO] [exception_income_check.py:73] room : B_401, now_month : 1502, before_month : 1343, gap : 11.84%
2021-05-04 09:26:59 [INFO] [exception_income_check.py:56] SQL  : select building,room,w_c,e_c,ref_rent,rent from monthly where year = '2021' and month = '5'
2021-05-04 09:26:59 [INFO] [exception_income_check.py:62] SQL  : select building,room,w_c,e_c,ref_rent,rent from monthly where year = '2021' and month = '4'
2021-05-04 09:26:59 [INFO] [exception_income_check.py:70] room : A_101, now_month : 320, before_month : 365, gap : 12.33%
2021-05-04 09:26:59 [INFO] [exception_income_check.py:70] room : A_103, now_month : 434, before_month : 350, gap : 24.0%
2021-05-04 09:26:59 [INFO] [exception_income_check.py:70] room : A_108, now_month : 355, before_month : 403, gap : 11.91%
2021-05-04 09:26:59 [INFO] [exception_income_check.py:70] room : A_201, now_month : 325, before_month : 375, gap : 13.33%
2021-05-04 09:26:59 [INFO] [exception_income_check.py:70] room : A_204, now_month : 402, before_month : 495, gap : 18.79%
2021-05-04 09:26:59 [INFO] [exception_income_check.py:70] room : A_206, now_month : 350, before_month : 490, gap : 28.57%
2021-05-04 09:26:59 [INFO] [exception_income_check.py:70] room : A_207, now_month : 340, before_month : 412, gap : 17.48%
2021-05-04 09:26:59 [INFO] [exception_income_check.py:70] room : A_301, now_month : 387, before_month : 437, gap : 11.44%
2021-05-04 09:26:59 [INFO] [exception_income_check.py:70] room : A_305, now_month : 360, before_month : 422, gap : 14.69%
2021-05-04 09:26:59 [INFO] [exception_income_check.py:70] room : A_306, now_month : 417, before_month : 360, gap : 15.83%
2021-05-04 09:26:59 [INFO] [exception_income_check.py:70] room : A_403, now_month : 766, before_month : 650, gap : 17.85%
2021-05-04 09:26:59 [INFO] [exception_income_check.py:70] room : B_101, now_month : 1962, before_month : 1771, gap : 10.78%
2021-05-04 09:26:59 [INFO] [exception_income_check.py:70] room : B_402, now_month : 1426, before_month : 1213, gap : 17.56%
2021-05-04 09:26:59 [INFO] [exception_income_check.py:70] room : B_501, now_month : 1316, before_month : 1100, gap : 19.64%
2021-05-04 09:26:59 [INFO] [exception_income_check.py:70] room : C_2, now_month : 190, before_month : 120, gap : 58.33%
2021-05-04 09:26:59 [INFO] [exception_income_check.py:70] room : C_3, now_month : 1249, before_month : 1093, gap : 14.27%
2021-05-04 09:26:59 [INFO] [exception_income_check.py:70] room : D_107, now_month : 858, before_month : 727, gap : 18.02%
2021-05-04 09:26:59 [INFO] [exception_income_check.py:70] room : D_307, now_month : 878, before_month : 730, gap : 20.27%
2021-05-04 09:26:59 [INFO] [exception_income_check.py:70] room : D_401, now_month : 669, before_month : 595, gap : 12.44%
2021-05-04 09:26:59 [INFO] [exception_income_check.py:70] room : D_402, now_month : 620, before_month : 550, gap : 12.73%
2021-05-04 09:26:59 [INFO] [exception_income_check.py:70] room : D_403, now_month : 635, before_month : 575, gap : 10.43%
2021-05-04 09:26:59 [INFO] [exception_income_check.py:70] room : D_502, now_month : 710, before_month : 550, gap : 29.09%
2021-05-04 09:26:59 [INFO] [exception_income_check.py:70] room : D_503, now_month : 662, before_month : 593, gap : 11.64%
2021-05-04 09:26:59 [INFO] [exception_income_check.py:70] room : D_506, now_month : 660, before_month : 597, gap : 10.55%
2021-05-04 09:26:59 [INFO] [exception_income_check.py:70] room : D_507, now_month : 663, before_month : 300, gap : 121.0%
2021-05-04 09:26:59 [INFO] [exception_income_check.py:70] room : B_401, now_month : 1502, before_month : 1343, gap : 11.84%
